
*** Running vivado
    with args -log test_env.vds -m64 -product Vivado -mode batch -messageDb vivado.pb -notrace -source test_env.tcl


****** Vivado v2016.4 (64-bit)
  **** SW Build 1756540 on Mon Jan 23 19:11:23 MST 2017
  **** IP Build 1755317 on Mon Jan 23 20:30:07 MST 2017
    ** Copyright 1986-2016 Xilinx, Inc. All Rights Reserved.

source test_env.tcl -notrace
Command: synth_design -top test_env -part xc7a35tcpg236-1
Starting synth_design
Attempting to get a license for feature 'Synthesis' and/or device 'xc7a35t'
INFO: [Common 17-349] Got license for feature 'Synthesis' and/or device 'xc7a35t'
INFO: Launching helper process for spawning children vivado processes
INFO: Helper process launched with PID 72724 
---------------------------------------------------------------------------------
Starting RTL Elaboration : Time (s): cpu = 00:00:03 ; elapsed = 00:00:04 . Memory (MB): peak = 285.441 ; gain = 75.914
---------------------------------------------------------------------------------
INFO: [Synth 8-638] synthesizing module 'test_env' [D:/proiect vivado/lab_5/lab_5.srcs/sources_1/new/test_environmental.vhd:45]
WARNING: [Synth 8-614] signal 'instruction' is read in the process but is not in the sensitivity list [D:/proiect vivado/lab_5/lab_5.srcs/sources_1/new/test_environmental.vhd:160]
WARNING: [Synth 8-614] signal 'pc4' is read in the process but is not in the sensitivity list [D:/proiect vivado/lab_5/lab_5.srcs/sources_1/new/test_environmental.vhd:160]
WARNING: [Synth 8-614] signal 'RD1' is read in the process but is not in the sensitivity list [D:/proiect vivado/lab_5/lab_5.srcs/sources_1/new/test_environmental.vhd:160]
WARNING: [Synth 8-614] signal 'RD2' is read in the process but is not in the sensitivity list [D:/proiect vivado/lab_5/lab_5.srcs/sources_1/new/test_environmental.vhd:160]
WARNING: [Synth 8-614] signal 'ext_imm' is read in the process but is not in the sensitivity list [D:/proiect vivado/lab_5/lab_5.srcs/sources_1/new/test_environmental.vhd:160]
WARNING: [Synth 8-614] signal 'alures' is read in the process but is not in the sensitivity list [D:/proiect vivado/lab_5/lab_5.srcs/sources_1/new/test_environmental.vhd:160]
WARNING: [Synth 8-614] signal 'mem_data' is read in the process but is not in the sensitivity list [D:/proiect vivado/lab_5/lab_5.srcs/sources_1/new/test_environmental.vhd:160]
WARNING: [Synth 8-614] signal 'wd' is read in the process but is not in the sensitivity list [D:/proiect vivado/lab_5/lab_5.srcs/sources_1/new/test_environmental.vhd:160]
INFO: [Synth 8-3491] module 'MPG' declared at 'D:/proiect vivado/lab_2/lab_2.srcs/sources_1/new/MPG.vhd:36' bound to instance 'c1' of component 'MPG' [D:/proiect vivado/lab_5/lab_5.srcs/sources_1/new/test_environmental.vhd:173]
INFO: [Synth 8-638] synthesizing module 'MPG' [D:/proiect vivado/lab_2/lab_2.srcs/sources_1/new/MPG.vhd:42]
INFO: [Synth 8-256] done synthesizing module 'MPG' (1#1) [D:/proiect vivado/lab_2/lab_2.srcs/sources_1/new/MPG.vhd:42]
INFO: [Synth 8-3491] module 'MPG' declared at 'D:/proiect vivado/lab_2/lab_2.srcs/sources_1/new/MPG.vhd:36' bound to instance 'c2' of component 'MPG' [D:/proiect vivado/lab_5/lab_5.srcs/sources_1/new/test_environmental.vhd:174]
INFO: [Synth 8-3491] module 'SSDComponent' declared at 'D:/proiect vivado/lab_2/lab_2.srcs/sources_1/new/SSDComponent.vhd:36' bound to instance 'c3' of component 'SSDComponent' [D:/proiect vivado/lab_5/lab_5.srcs/sources_1/new/test_environmental.vhd:175]
INFO: [Synth 8-638] synthesizing module 'SSDComponent' [D:/proiect vivado/lab_2/lab_2.srcs/sources_1/new/SSDComponent.vhd:43]
INFO: [Synth 8-256] done synthesizing module 'SSDComponent' (2#1) [D:/proiect vivado/lab_2/lab_2.srcs/sources_1/new/SSDComponent.vhd:43]
INFO: [Synth 8-3491] module 'if_env' declared at 'D:/proiect vivado/lab_5/lab_5.srcs/sources_1/new/env.vhd:36' bound to instance 'c4' of component 'if_env' [D:/proiect vivado/lab_5/lab_5.srcs/sources_1/new/test_environmental.vhd:176]
INFO: [Synth 8-638] synthesizing module 'if_env' [D:/proiect vivado/lab_5/lab_5.srcs/sources_1/new/env.vhd:48]
INFO: [Synth 8-256] done synthesizing module 'if_env' (3#1) [D:/proiect vivado/lab_5/lab_5.srcs/sources_1/new/env.vhd:48]
INFO: [Synth 8-3491] module 'ID' declared at 'D:/proiect vivado/lab_5/lab_5.srcs/sources_1/new/ID.vhd:36' bound to instance 'c5' of component 'ID' [D:/proiect vivado/lab_5/lab_5.srcs/sources_1/new/test_environmental.vhd:186]
INFO: [Synth 8-638] synthesizing module 'ID' [D:/proiect vivado/lab_5/lab_5.srcs/sources_1/new/ID.vhd:51]
INFO: [Synth 8-226] default block is never used [D:/proiect vivado/lab_5/lab_5.srcs/sources_1/new/ID.vhd:93]
INFO: [Synth 8-256] done synthesizing module 'ID' (4#1) [D:/proiect vivado/lab_5/lab_5.srcs/sources_1/new/ID.vhd:51]
INFO: [Synth 8-3491] module 'ex_unity' declared at 'D:/proiect vivado/lab_5/lab_5.srcs/sources_1/new/ex_unity.vhd:35' bound to instance 'c6' of component 'ex_unity' [D:/proiect vivado/lab_5/lab_5.srcs/sources_1/new/test_environmental.vhd:201]
INFO: [Synth 8-638] synthesizing module 'ex_unity' [D:/proiect vivado/lab_5/lab_5.srcs/sources_1/new/ex_unity.vhd:50]
WARNING: [Synth 8-614] signal 'rd2' is read in the process but is not in the sensitivity list [D:/proiect vivado/lab_5/lab_5.srcs/sources_1/new/ex_unity.vhd:56]
WARNING: [Synth 8-614] signal 'ext_imm' is read in the process but is not in the sensitivity list [D:/proiect vivado/lab_5/lab_5.srcs/sources_1/new/ex_unity.vhd:56]
INFO: [Synth 8-256] done synthesizing module 'ex_unity' (5#1) [D:/proiect vivado/lab_5/lab_5.srcs/sources_1/new/ex_unity.vhd:50]
INFO: [Synth 8-3491] module 'Control_Unit' declared at 'D:/proiect vivado/lab_5/lab_5.srcs/sources_1/new/Control_Unit.vhd:36' bound to instance 'c7' of component 'Control_Unit' [D:/proiect vivado/lab_5/lab_5.srcs/sources_1/new/test_environmental.vhd:215]
INFO: [Synth 8-638] synthesizing module 'Control_Unit' [D:/proiect vivado/lab_5/lab_5.srcs/sources_1/new/Control_Unit.vhd:49]
INFO: [Synth 8-256] done synthesizing module 'Control_Unit' (6#1) [D:/proiect vivado/lab_5/lab_5.srcs/sources_1/new/Control_Unit.vhd:49]
INFO: [Synth 8-3491] module 'MEM' declared at 'D:/proiect vivado/lab_5/lab_5.srcs/sources_1/new/MEM.vhd:36' bound to instance 'c8' of component 'MEM' [D:/proiect vivado/lab_5/lab_5.srcs/sources_1/new/test_environmental.vhd:228]
INFO: [Synth 8-638] synthesizing module 'MEM' [D:/proiect vivado/lab_5/lab_5.srcs/sources_1/new/MEM.vhd:45]
WARNING: [Synth 8-614] signal 'alu_res' is read in the process but is not in the sensitivity list [D:/proiect vivado/lab_5/lab_5.srcs/sources_1/new/MEM.vhd:62]
INFO: [Synth 8-256] done synthesizing module 'MEM' (7#1) [D:/proiect vivado/lab_5/lab_5.srcs/sources_1/new/MEM.vhd:45]
INFO: [Synth 8-256] done synthesizing module 'test_env' (8#1) [D:/proiect vivado/lab_5/lab_5.srcs/sources_1/new/test_environmental.vhd:45]
WARNING: [Synth 8-3331] design MEM has unconnected port alu_res[15]
WARNING: [Synth 8-3331] design MEM has unconnected port alu_res[14]
WARNING: [Synth 8-3331] design MEM has unconnected port alu_res[13]
WARNING: [Synth 8-3331] design MEM has unconnected port alu_res[12]
WARNING: [Synth 8-3331] design MEM has unconnected port alu_res[11]
WARNING: [Synth 8-3331] design MEM has unconnected port alu_res[10]
WARNING: [Synth 8-3331] design MEM has unconnected port alu_res[9]
WARNING: [Synth 8-3331] design MEM has unconnected port alu_res[8]
WARNING: [Synth 8-3331] design MEM has unconnected port alu_res[7]
WARNING: [Synth 8-3331] design ex_unity has unconnected port sa
WARNING: [Synth 8-3331] design ID has unconnected port instr[15]
WARNING: [Synth 8-3331] design ID has unconnected port instr[14]
WARNING: [Synth 8-3331] design ID has unconnected port instr[13]
WARNING: [Synth 8-3331] design test_env has unconnected port led[4]
WARNING: [Synth 8-3331] design test_env has unconnected port led[3]
WARNING: [Synth 8-3331] design test_env has unconnected port led[2]
WARNING: [Synth 8-3331] design test_env has unconnected port led[1]
WARNING: [Synth 8-3331] design test_env has unconnected port led[0]
WARNING: [Synth 8-3331] design test_env has unconnected port btn[4]
WARNING: [Synth 8-3331] design test_env has unconnected port btn[3]
WARNING: [Synth 8-3331] design test_env has unconnected port btn[2]
WARNING: [Synth 8-3331] design test_env has unconnected port sw[15]
WARNING: [Synth 8-3331] design test_env has unconnected port sw[14]
WARNING: [Synth 8-3331] design test_env has unconnected port sw[13]
WARNING: [Synth 8-3331] design test_env has unconnected port sw[12]
WARNING: [Synth 8-3331] design test_env has unconnected port sw[11]
WARNING: [Synth 8-3331] design test_env has unconnected port sw[10]
WARNING: [Synth 8-3331] design test_env has unconnected port sw[9]
WARNING: [Synth 8-3331] design test_env has unconnected port sw[8]
WARNING: [Synth 8-3331] design test_env has unconnected port sw[4]
WARNING: [Synth 8-3331] design test_env has unconnected port sw[3]
WARNING: [Synth 8-3331] design test_env has unconnected port sw[2]
WARNING: [Synth 8-3331] design test_env has unconnected port sw[1]
WARNING: [Synth 8-3331] design test_env has unconnected port sw[0]
---------------------------------------------------------------------------------
Finished RTL Elaboration : Time (s): cpu = 00:00:04 ; elapsed = 00:00:05 . Memory (MB): peak = 323.000 ; gain = 113.473
---------------------------------------------------------------------------------

Report Check Netlist: 
+------+------------------+-------+---------+-------+------------------+
|      |Item              |Errors |Warnings |Status |Description       |
+------+------------------+-------+---------+-------+------------------+
|1     |multi_driven_nets |      0|        0|Passed |Multi driven nets |
+------+------------------+-------+---------+-------+------------------+
---------------------------------------------------------------------------------
Finished RTL Optimization Phase 1 : Time (s): cpu = 00:00:04 ; elapsed = 00:00:05 . Memory (MB): peak = 323.000 ; gain = 113.473
---------------------------------------------------------------------------------
INFO: [Device 21-403] Loading part xc7a35tcpg236-1
INFO: [Project 1-570] Preparing netlist for logic optimization

Processing XDC Constraints
Initializing timing engine
Parsing XDC File [D:/facultate_an2/SEM2/AC/Basys3_Master.xdc]
Finished Parsing XDC File [D:/facultate_an2/SEM2/AC/Basys3_Master.xdc]
INFO: [Project 1-236] Implementation specific constraints were found while reading constraint file [D:/facultate_an2/SEM2/AC/Basys3_Master.xdc]. These constraints will be ignored for synthesis but will be used in implementation. Impacted constraints are listed in the file [.Xil/test_env_propImpl.xdc].
Resolution: To avoid this warning, move constraints listed in [.Xil/test_env_propImpl.xdc] to another XDC file and exclude this new file from synthesis with the used_in_synthesis property (File Properties dialog in GUI) and re-run elaboration/synthesis.
Completed Processing XDC Constraints

INFO: [Project 1-111] Unisim Transformation Summary:
No Unisim elements were transformed.

Constraint Validation Runtime : Time (s): cpu = 00:00:00 ; elapsed = 00:00:00.001 . Memory (MB): peak = 614.246 ; gain = 0.000
---------------------------------------------------------------------------------
Finished Constraint Validation : Time (s): cpu = 00:00:10 ; elapsed = 00:00:11 . Memory (MB): peak = 614.246 ; gain = 404.719
---------------------------------------------------------------------------------
---------------------------------------------------------------------------------
Start Loading Part and Timing Information
---------------------------------------------------------------------------------
Loading part: xc7a35tcpg236-1
---------------------------------------------------------------------------------
Finished Loading Part and Timing Information : Time (s): cpu = 00:00:10 ; elapsed = 00:00:11 . Memory (MB): peak = 614.246 ; gain = 404.719
---------------------------------------------------------------------------------
---------------------------------------------------------------------------------
Start Applying 'set_property' XDC Constraints
---------------------------------------------------------------------------------
---------------------------------------------------------------------------------
Finished applying 'set_property' XDC Constraints : Time (s): cpu = 00:00:10 ; elapsed = 00:00:11 . Memory (MB): peak = 614.246 ; gain = 404.719
---------------------------------------------------------------------------------
INFO: [Synth 8-5546] ROM "rom_memory" won't be mapped to RAM because it is too sparse
INFO: [Synth 8-5818] HDL ADVISOR - The operator resource <adder> is shared. To prevent sharing consider applying a KEEP on the output of the operator [D:/proiect vivado/lab_5/lab_5.srcs/sources_1/new/ex_unity.vhd:78]
---------------------------------------------------------------------------------
Finished RTL Optimization Phase 2 : Time (s): cpu = 00:00:10 ; elapsed = 00:00:11 . Memory (MB): peak = 614.246 ; gain = 404.719
---------------------------------------------------------------------------------

Report RTL Partitions: 
+-+--------------+------------+----------+
| |RTL Partition |Replication |Instances |
+-+--------------+------------+----------+
+-+--------------+------------+----------+
---------------------------------------------------------------------------------
Start RTL Component Statistics 
---------------------------------------------------------------------------------
Detailed RTL Component Info : 
+---Adders : 
	   2 Input     16 Bit       Adders := 2     
	   3 Input     16 Bit       Adders := 1     
+---XORs : 
	   2 Input     16 Bit         XORs := 1     
+---Registers : 
	               16 Bit    Registers := 1     
	                1 Bit    Registers := 6     
+---RAMs : 
	              128 Bit         RAMs := 1     
+---Muxes : 
	   2 Input     16 Bit        Muxes := 7     
	 257 Input     16 Bit        Muxes := 1     
	   8 Input     16 Bit        Muxes := 1     
	   4 Input      4 Bit        Muxes := 2     
	   2 Input      3 Bit        Muxes := 1     
	   6 Input      3 Bit        Muxes := 1     
	   8 Input      3 Bit        Muxes := 1     
	   2 Input      1 Bit        Muxes := 1     
	   8 Input      1 Bit        Muxes := 8     
---------------------------------------------------------------------------------
Finished RTL Component Statistics 
---------------------------------------------------------------------------------
---------------------------------------------------------------------------------
Start RTL Hierarchical Component Statistics 
---------------------------------------------------------------------------------
Hierarchical RTL Component report 
Module test_env 
Detailed RTL Component Info : 
+---Muxes : 
	   2 Input     16 Bit        Muxes := 1     
Module MPG 
Detailed RTL Component Info : 
+---Registers : 
	                1 Bit    Registers := 3     
Module SSDComponent 
Detailed RTL Component Info : 
+---Muxes : 
	   4 Input      4 Bit        Muxes := 2     
Module if_env 
Detailed RTL Component Info : 
+---Adders : 
	   2 Input     16 Bit       Adders := 1     
+---Registers : 
	               16 Bit    Registers := 1     
+---Muxes : 
	   2 Input     16 Bit        Muxes := 3     
	 257 Input     16 Bit        Muxes := 1     
	   2 Input      1 Bit        Muxes := 1     
Module ID 
Detailed RTL Component Info : 
+---RAMs : 
	              128 Bit         RAMs := 1     
+---Muxes : 
	   2 Input     16 Bit        Muxes := 2     
	   2 Input      3 Bit        Muxes := 1     
Module ex_unity 
Detailed RTL Component Info : 
+---Adders : 
	   3 Input     16 Bit       Adders := 1     
	   2 Input     16 Bit       Adders := 1     
+---XORs : 
	   2 Input     16 Bit         XORs := 1     
+---Muxes : 
	   2 Input     16 Bit        Muxes := 1     
	   8 Input     16 Bit        Muxes := 1     
	   6 Input      3 Bit        Muxes := 1     
Module Control_Unit 
Detailed RTL Component Info : 
+---Muxes : 
	   8 Input      3 Bit        Muxes := 1     
	   8 Input      1 Bit        Muxes := 8     
---------------------------------------------------------------------------------
Finished RTL Hierarchical Component Statistics
---------------------------------------------------------------------------------
---------------------------------------------------------------------------------
Start Part Resource Summary
---------------------------------------------------------------------------------
Part Resources:
DSPs: 90 (col length:60)
BRAMs: 100 (col length: RAMB18 60 RAMB36 30)
---------------------------------------------------------------------------------
Finished Part Resource Summary
---------------------------------------------------------------------------------
---------------------------------------------------------------------------------
Start Cross Boundary and Area Optimization
---------------------------------------------------------------------------------
WARNING: [Synth 8-3331] design test_env has unconnected port led[4]
WARNING: [Synth 8-3331] design test_env has unconnected port led[3]
WARNING: [Synth 8-3331] design test_env has unconnected port led[2]
WARNING: [Synth 8-3331] design test_env has unconnected port led[1]
WARNING: [Synth 8-3331] design test_env has unconnected port led[0]
WARNING: [Synth 8-3331] design test_env has unconnected port btn[4]
WARNING: [Synth 8-3331] design test_env has unconnected port btn[3]
WARNING: [Synth 8-3331] design test_env has unconnected port btn[2]
WARNING: [Synth 8-3331] design test_env has unconnected port sw[15]
WARNING: [Synth 8-3331] design test_env has unconnected port sw[14]
WARNING: [Synth 8-3331] design test_env has unconnected port sw[13]
WARNING: [Synth 8-3331] design test_env has unconnected port sw[12]
WARNING: [Synth 8-3331] design test_env has unconnected port sw[11]
WARNING: [Synth 8-3331] design test_env has unconnected port sw[10]
WARNING: [Synth 8-3331] design test_env has unconnected port sw[9]
WARNING: [Synth 8-3331] design test_env has unconnected port sw[8]
WARNING: [Synth 8-3331] design test_env has unconnected port sw[4]
WARNING: [Synth 8-3331] design test_env has unconnected port sw[3]
WARNING: [Synth 8-3331] design test_env has unconnected port sw[2]
WARNING: [Synth 8-3331] design test_env has unconnected port sw[1]
WARNING: [Synth 8-3331] design test_env has unconnected port sw[0]
WARNING: [Synth 8-3332] Sequential element (c1/count_reg[16]) is unused and will be removed from module test_env.
WARNING: [Synth 8-3332] Sequential element (c1/count_reg[17]) is unused and will be removed from module test_env.
WARNING: [Synth 8-3332] Sequential element (c1/count_reg[18]) is unused and will be removed from module test_env.
WARNING: [Synth 8-3332] Sequential element (c1/count_reg[19]) is unused and will be removed from module test_env.
WARNING: [Synth 8-3332] Sequential element (c1/count_reg[20]) is unused and will be removed from module test_env.
WARNING: [Synth 8-3332] Sequential element (c1/count_reg[21]) is unused and will be removed from module test_env.
WARNING: [Synth 8-3332] Sequential element (c1/count_reg[22]) is unused and will be removed from module test_env.
WARNING: [Synth 8-3332] Sequential element (c1/count_reg[23]) is unused and will be removed from module test_env.
WARNING: [Synth 8-3332] Sequential element (c1/count_reg[24]) is unused and will be removed from module test_env.
WARNING: [Synth 8-3332] Sequential element (c1/count_reg[25]) is unused and will be removed from module test_env.
WARNING: [Synth 8-3332] Sequential element (c1/count_reg[26]) is unused and will be removed from module test_env.
WARNING: [Synth 8-3332] Sequential element (c1/count_reg[27]) is unused and will be removed from module test_env.
WARNING: [Synth 8-3332] Sequential element (c1/count_reg[28]) is unused and will be removed from module test_env.
WARNING: [Synth 8-3332] Sequential element (c1/count_reg[29]) is unused and will be removed from module test_env.
WARNING: [Synth 8-3332] Sequential element (c1/count_reg[30]) is unused and will be removed from module test_env.
WARNING: [Synth 8-3332] Sequential element (c1/count_reg[31]) is unused and will be removed from module test_env.
---------------------------------------------------------------------------------
Finished Cross Boundary and Area Optimization : Time (s): cpu = 00:00:12 ; elapsed = 00:00:13 . Memory (MB): peak = 614.246 ; gain = 404.719
---------------------------------------------------------------------------------
---------------------------------------------------------------------------------
Start ROM, RAM, DSP and Shift Register Reporting
---------------------------------------------------------------------------------

Distributed RAM: Preliminary Mapping  Report (see note below)
+------------+-----------------+-----------+----------------------+------------------+
|Module Name | RTL Object      | Inference | Size (Depth x Width) | Primitives       | 
+------------+-----------------+-----------+----------------------+------------------+
|test_env    | c5/reg_file_reg | Implied   | 8 x 16               | RAM32M x 6       | 
|test_env    | c8/ram_reg      | Implied   | 128 x 16             | RAM128X1S x 16   | 
+------------+-----------------+-----------+----------------------+------------------+

Note: The table above is a preliminary report that shows the Distributed RAMs at the current stage of the synthesis flow. Some Distributed RAMs may be reimplemented as non Distributed RAM primitives later in the synthesis flow. Multiple instantiated RAMs are reported only once.
---------------------------------------------------------------------------------
Finished ROM, RAM, DSP and Shift Register Reporting
---------------------------------------------------------------------------------

Report RTL Partitions: 
+-+--------------+------------+----------+
| |RTL Partition |Replication |Instances |
+-+--------------+------------+----------+
+-+--------------+------------+----------+
---------------------------------------------------------------------------------
Start Timing Optimization
---------------------------------------------------------------------------------
---------------------------------------------------------------------------------
Start Applying XDC Timing Constraints
---------------------------------------------------------------------------------
---------------------------------------------------------------------------------
Finished Applying XDC Timing Constraints : Time (s): cpu = 00:00:19 ; elapsed = 00:00:21 . Memory (MB): peak = 614.246 ; gain = 404.719
---------------------------------------------------------------------------------
---------------------------------------------------------------------------------
Finished Timing Optimization : Time (s): cpu = 00:00:19 ; elapsed = 00:00:21 . Memory (MB): peak = 614.246 ; gain = 404.719
---------------------------------------------------------------------------------

Report RTL Partitions: 
+-+--------------+------------+----------+
| |RTL Partition |Replication |Instances |
+-+--------------+------------+----------+
+-+--------------+------------+----------+
---------------------------------------------------------------------------------
Start Technology Mapping
---------------------------------------------------------------------------------
---------------------------------------------------------------------------------
Finished Technology Mapping : Time (s): cpu = 00:00:19 ; elapsed = 00:00:21 . Memory (MB): peak = 618.730 ; gain = 409.203
---------------------------------------------------------------------------------

Report RTL Partitions: 
+-+--------------+------------+----------+
| |RTL Partition |Replication |Instances |
+-+--------------+------------+----------+
+-+--------------+------------+----------+
---------------------------------------------------------------------------------
Start IO Insertion
---------------------------------------------------------------------------------
---------------------------------------------------------------------------------
Start Flattening Before IO Insertion
---------------------------------------------------------------------------------
---------------------------------------------------------------------------------
Finished Flattening Before IO Insertion
---------------------------------------------------------------------------------
---------------------------------------------------------------------------------
Start Final Netlist Cleanup
---------------------------------------------------------------------------------
---------------------------------------------------------------------------------
Finished Final Netlist Cleanup
---------------------------------------------------------------------------------
---------------------------------------------------------------------------------
Finished IO Insertion : Time (s): cpu = 00:00:20 ; elapsed = 00:00:21 . Memory (MB): peak = 618.730 ; gain = 409.203
---------------------------------------------------------------------------------

Report Check Netlist: 
+------+------------------+-------+---------+-------+------------------+
|      |Item              |Errors |Warnings |Status |Description       |
+------+------------------+-------+---------+-------+------------------+
|1     |multi_driven_nets |      0|        0|Passed |Multi driven nets |
+------+------------------+-------+---------+-------+------------------+
---------------------------------------------------------------------------------
Start Renaming Generated Instances
---------------------------------------------------------------------------------
---------------------------------------------------------------------------------
Finished Renaming Generated Instances : Time (s): cpu = 00:00:20 ; elapsed = 00:00:21 . Memory (MB): peak = 618.730 ; gain = 409.203
---------------------------------------------------------------------------------

Report RTL Partitions: 
+-+--------------+------------+----------+
| |RTL Partition |Replication |Instances |
+-+--------------+------------+----------+
+-+--------------+------------+----------+
---------------------------------------------------------------------------------
Start Rebuilding User Hierarchy
---------------------------------------------------------------------------------
---------------------------------------------------------------------------------
Finished Rebuilding User Hierarchy : Time (s): cpu = 00:00:20 ; elapsed = 00:00:21 . Memory (MB): peak = 618.730 ; gain = 409.203
---------------------------------------------------------------------------------
---------------------------------------------------------------------------------
Start Renaming Generated Ports
---------------------------------------------------------------------------------
---------------------------------------------------------------------------------
Finished Renaming Generated Ports : Time (s): cpu = 00:00:20 ; elapsed = 00:00:21 . Memory (MB): peak = 618.730 ; gain = 409.203
---------------------------------------------------------------------------------
---------------------------------------------------------------------------------
Start Handling Custom Attributes
---------------------------------------------------------------------------------
---------------------------------------------------------------------------------
Finished Handling Custom Attributes : Time (s): cpu = 00:00:20 ; elapsed = 00:00:21 . Memory (MB): peak = 618.730 ; gain = 409.203
---------------------------------------------------------------------------------
---------------------------------------------------------------------------------
Start Renaming Generated Nets
---------------------------------------------------------------------------------
---------------------------------------------------------------------------------
Finished Renaming Generated Nets : Time (s): cpu = 00:00:20 ; elapsed = 00:00:21 . Memory (MB): peak = 618.730 ; gain = 409.203
---------------------------------------------------------------------------------
---------------------------------------------------------------------------------
Start Writing Synthesis Report
---------------------------------------------------------------------------------

Report BlackBoxes: 
+-+--------------+----------+
| |BlackBox name |Instances |
+-+--------------+----------+
+-+--------------+----------+

Report Cell Usage: 
+------+----------+------+
|      |Cell      |Count |
+------+----------+------+
|1     |BUFG      |     1|
|2     |CARRY4    |    20|
|3     |LUT1      |    59|
|4     |LUT2      |     6|
|5     |LUT3      |    40|
|6     |LUT4      |    28|
|7     |LUT5      |    48|
|8     |LUT6      |    51|
|9     |MUXF7     |    16|
|10    |RAM128X1S |    16|
|11    |RAM32M    |     6|
|12    |FDRE      |    62|
|13    |IBUF      |     6|
|14    |OBUF      |    22|
|15    |OBUFT     |     5|
+------+----------+------+

Report Instance Areas: 
+------+---------+-------------+------+
|      |Instance |Module       |Cells |
+------+---------+-------------+------+
|1     |top      |             |   386|
|2     |  c1     |MPG          |    50|
|3     |  c2     |MPG_0        |     5|
|4     |  c3     |SSDComponent |    40|
|5     |  c4     |if_env       |   172|
|6     |  c5     |ID           |    59|
|7     |  c6     |ex_unity     |     9|
|8     |  c8     |MEM          |    17|
+------+---------+-------------+------+
---------------------------------------------------------------------------------
Finished Writing Synthesis Report : Time (s): cpu = 00:00:20 ; elapsed = 00:00:21 . Memory (MB): peak = 618.730 ; gain = 409.203
---------------------------------------------------------------------------------
Synthesis finished with 0 errors, 0 critical warnings and 37 warnings.
Synthesis Optimization Runtime : Time (s): cpu = 00:00:12 ; elapsed = 00:00:16 . Memory (MB): peak = 618.730 ; gain = 115.766
Synthesis Optimization Complete : Time (s): cpu = 00:00:20 ; elapsed = 00:00:22 . Memory (MB): peak = 618.730 ; gain = 409.203
INFO: [Project 1-571] Translating synthesized netlist
INFO: [Netlist 29-17] Analyzing 48 Unisim elements for replacement
INFO: [Netlist 29-28] Unisim Transformation completed in 0 CPU seconds
INFO: [Project 1-570] Preparing netlist for logic optimization
INFO: [Opt 31-138] Pushed 0 inverter(s) to 0 load pin(s).
INFO: [Project 1-111] Unisim Transformation Summary:
  A total of 22 instances were transformed.
  RAM128X1S => RAM128X1S (MUXF7, RAMS64E, RAMS64E): 16 instances
  RAM32M => RAM32M (RAMD32, RAMD32, RAMD32, RAMD32, RAMD32, RAMD32, RAMS32, RAMS32): 6 instances

INFO: [Common 17-83] Releasing license: Synthesis
47 Infos, 82 Warnings, 0 Critical Warnings and 0 Errors encountered.
synth_design completed successfully
synth_design: Time (s): cpu = 00:00:20 ; elapsed = 00:00:20 . Memory (MB): peak = 618.730 ; gain = 409.203
INFO: [Common 17-1381] The checkpoint 'D:/proiect vivado/lab_5/lab_5.runs/synth_1/test_env.dcp' has been generated.
report_utilization: Time (s): cpu = 00:00:00 ; elapsed = 00:00:00.011 . Memory (MB): peak = 618.730 ; gain = 0.000
INFO: [Common 17-206] Exiting Vivado at Fri Apr 08 03:46:12 2022...
